[2019-12-14 23:13:26,995][INFO] any info message - [id:10][instance:1] - [COMP-2][file-10.c][function-11][ln:607]
[2019-12-14 23:13:27,259][INFO] any info message - [id:10][instance:5] - [COMP-5][file-2.c][function-12][ln:806]
[2019-12-14 23:13:27,771][INFO] any info message - [id:10][instance:1] - [COMP-2][file-8.c][function-5][ln:318]
[2019-12-14 23:13:28,496][INFO] any info message - [id:10][instance:1] - [COMP-4][file-6.c][function-12][ln:830]
[2019-12-14 23:13:28,759][INFO] any info message - [id:10][instance:2] - [COMP-12][file-6.c][function-11][ln:696]
[2019-12-14 23:13:29,272][INFO] any info message - [id:10][instance:3] - [COMP-8][file-12.c][function-1][ln:806]
[2019-12-14 23:13:29,996][INFO] any info message - [id:10][instance:5] - [COMP-12][file-3.c][function-2][ln:18]
[2019-12-14 23:13:30,261][INFO] any info message - [id:10][instance:1] - [COMP-7][file-10.c][function-4][ln:275]
[2019-12-14 23:13:30,772][INFO] any info message - [id:10][instance:5] - [COMP-6][file-11.c][function-3][ln:897]
[2019-12-14 23:13:31,497][INFO] any info message - [id:10][instance:1] - [COMP-12][file-5.c][function-9][ln:615]
[2019-12-14 23:13:31,761][INFO] any info message - [id:10][instance:4] - [COMP-10][file-11.c][function-3][ln:996]
[2019-12-14 23:13:32,273][INFO] any info message - [id:10][instance:7] - [COMP-5][file-6.c][function-4][ln:410]
[2019-12-14 23:13:32,997][INFO] any info message - [id:10][instance:1] - [COMP-3][file-3.c][function-9][ln:972]
[2019-12-14 23:13:33,262][INFO] any info message - [id:10][instance:4] - [COMP-1][file-5.c][function-11][ln:253]
[2019-12-14 23:13:33,773][INFO] any info message - [id:10][instance:2] - [COMP-6][file-11.c][function-9][ln:659]
[2019-12-14 23:13:34,498][INFO] any info message - [id:10][instance:4] - [COMP-7][file-11.c][function-1][ln:85]
[2019-12-14 23:13:34,762][INFO] any info message - [id:10][instance:1] - [COMP-1][file-4.c][function-9][ln:751]
[2019-12-14 23:13:35,274][INFO] any info message - [id:10][instance:3] - [COMP-5][file-7.c][function-5][ln:958]
[2019-12-14 23:13:35,998][INFO] any info message - [id:10][instance:2] - [COMP-10][file-10.c][function-2][ln:855]
[2019-12-14 23:13:36,263][INFO] any info message - [id:10][instance:5] - [COMP-3][file-3.c][function-1][ln:475]
[2019-12-14 23:13:36,774][INFO] any info message - [id:10][instance:2] - [COMP-4][file-4.c][function-9][ln:234]
[2019-12-14 23:13:37,499][INFO] any info message - [id:10][instance:2] - [COMP-10][file-6.c][function-11][ln:253]
[2019-12-14 23:13:37,756][ERROR] It is an error message - [id:10][instance:3] - [COMP-12][file-4.c][function-6][ln:50]
[2019-12-14 23:13:37,763][INFO] any info message - [id:10][instance:1] - [COMP-13][file-13.c][function-7][ln:837]
[2019-12-14 23:13:37,804][WARNING] Here is a warning message - [id:10][instance:1] - [COMP-1][file-5.c][function-3][ln:585]
[2019-12-14 23:13:37,930][DEBUG] any debug message - [id:10][instance:7] - [COMP-3][file-10.c][function-9][ln:852]
[2019-12-14 23:13:38,274][INFO] any info message - [id:10][instance:1] - [COMP-7][file-8.c][function-4][ln:945]
[2019-12-14 23:13:38,633][DEBUG] any debug message - [id:10][instance:5] - [COMP-11][file-8.c][function-2][ln:241]
[2019-12-14 23:13:38,999][INFO] any info message - [id:10][instance:5] - [COMP-8][file-8.c][function-3][ln:37]
[2019-12-14 23:13:39,263][INFO] any info message - [id:10][instance:7] - [COMP-13][file-5.c][function-10][ln:796]
[2019-12-14 23:13:39,775][INFO] any info message - [id:10][instance:7] - [COMP-12][file-2.c][function-3][ln:329]
[2019-12-14 23:13:40,500][INFO] any info message - [id:10][instance:2] - [COMP-5][file-1.c][function-10][ln:221]
[2019-12-14 23:13:40,539][DEBUG] any debug message - [id:10][instance:5] - [COMP-8][file-7.c][function-10][ln:925]
[2019-12-14 23:13:40,764][INFO] any info message - [id:10][instance:5] - [COMP-7][file-7.c][function-10][ln:350]
[2019-12-14 23:13:41,275][INFO] any info message - [id:10][instance:6] - [COMP-9][file-7.c][function-4][ln:257]
[2019-12-14 23:13:42,001][INFO] any info message - [id:10][instance:2] - [COMP-5][file-7.c][function-13][ln:993]
[2019-12-14 23:13:42,264][INFO] any info message - [id:10][instance:7] - [COMP-7][file-12.c][function-1][ln:689]
[2019-12-14 23:13:42,775][INFO] any info message - [id:10][instance:5] - [COMP-4][file-5.c][function-9][ln:752]
[2019-12-14 23:13:43,501][INFO] any info message - [id:10][instance:7] - [COMP-5][file-9.c][function-5][ln:754]
[2019-12-14 23:13:43,765][INFO] any info message - [id:10][instance:1] - [COMP-3][file-3.c][function-4][ln:806]
[2019-12-14 23:13:44,277][INFO] any info message - [id:10][instance:5] - [COMP-1][file-9.c][function-5][ln:773]
[2019-12-14 23:13:45,002][INFO] any info message - [id:10][instance:4] - [COMP-13][file-9.c][function-11][ln:974]
[2019-12-14 23:13:45,265][INFO] any info message - [id:10][instance:2] - [COMP-3][file-1.c][function-13][ln:688]
[2019-12-14 23:13:45,777][INFO] any info message - [id:10][instance:3] - [COMP-4][file-11.c][function-8][ln:493]
[2019-12-14 23:13:46,503][INFO] any info message - [id:10][instance:1] - [COMP-4][file-13.c][function-6][ln:541]
[2019-12-14 23:13:46,766][INFO] any info message - [id:10][instance:1] - [COMP-6][file-7.c][function-11][ln:245]
[2019-12-14 23:13:47,277][INFO] any info message - [id:10][instance:7] - [COMP-2][file-10.c][function-8][ln:708]
[2019-12-14 23:13:48,004][INFO] any info message - [id:10][instance:5] - [COMP-10][file-10.c][function-11][ln:90]
[2019-12-14 23:13:48,267][INFO] any info message - [id:10][instance:3] - [COMP-1][file-11.c][function-5][ln:866]
[2019-12-14 23:13:48,778][INFO] any info message - [id:10][instance:7] - [COMP-13][file-7.c][function-6][ln:552]
[2019-12-14 23:13:49,504][INFO] any info message - [id:10][instance:1] - [COMP-4][file-13.c][function-12][ln:132]
[2019-12-14 23:13:49,768][INFO] any info message - [id:10][instance:1] - [COMP-13][file-10.c][function-7][ln:504]
[2019-12-14 23:13:50,278][INFO] any info message - [id:10][instance:2] - [COMP-2][file-10.c][function-9][ln:178]
[2019-12-14 23:13:51,005][INFO] any info message - [id:10][instance:1] - [COMP-7][file-4.c][function-11][ln:273]
[2019-12-14 23:13:51,269][INFO] any info message - [id:10][instance:3] - [COMP-7][file-12.c][function-11][ln:953]
[2019-12-14 23:13:51,778][INFO] any info message - [id:10][instance:7] - [COMP-12][file-3.c][function-8][ln:557]
[2019-12-14 23:13:52,505][INFO] any info message - [id:10][instance:7] - [COMP-3][file-10.c][function-10][ln:145]
[2019-12-14 23:13:52,770][INFO] any info message - [id:10][instance:7] - [COMP-7][file-4.c][function-6][ln:910]
[2019-12-14 23:13:52,930][DEBUG] any debug message - [id:10][instance:4] - [COMP-12][file-13.c][function-12][ln:762]
[2019-12-14 23:13:53,279][INFO] any info message - [id:10][instance:2] - [COMP-4][file-13.c][function-1][ln:625]
[2019-12-14 23:13:53,516][WARNING] Here is a warning message - [id:10][instance:5] - [COMP-9][file-6.c][function-6][ln:887]
[2019-12-14 23:13:53,634][DEBUG] any debug message - [id:10][instance:7] - [COMP-9][file-10.c][function-6][ln:393]
[2019-12-14 23:13:54,005][INFO] any info message - [id:10][instance:1] - [COMP-5][file-5.c][function-3][ln:341]
[2019-12-14 23:13:54,271][INFO] any info message - [id:10][instance:3] - [COMP-2][file-13.c][function-9][ln:233]
[2019-12-14 23:13:54,778][INFO] any info message - [id:10][instance:4] - [COMP-1][file-9.c][function-13][ln:514]
[2019-12-14 23:13:55,432][WARNING] Here is a warning message - [id:10][instance:7] - [COMP-9][file-13.c][function-3][ln:794]
[2019-12-14 23:13:55,506][INFO] any info message - [id:10][instance:6] - [COMP-2][file-10.c][function-5][ln:675]
[2019-12-14 23:13:55,539][DEBUG] any debug message - [id:10][instance:5] - [COMP-13][file-1.c][function-2][ln:347]
[2019-12-14 23:13:55,771][INFO] any info message - [id:10][instance:7] - [COMP-8][file-10.c][function-6][ln:705]
[2019-12-14 23:13:56,279][INFO] any info message - [id:10][instance:7] - [COMP-11][file-3.c][function-2][ln:21]
[2019-12-14 23:13:57,006][INFO] any info message - [id:10][instance:4] - [COMP-2][file-11.c][function-4][ln:671]
[2019-12-14 23:13:57,271][INFO] any info message - [id:10][instance:7] - [COMP-3][file-11.c][function-8][ln:695]
[2019-12-14 23:13:57,780][INFO] any info message - [id:10][instance:5] - [COMP-13][file-5.c][function-6][ln:332]
[2019-12-14 23:13:58,507][INFO] any info message - [id:10][instance:1] - [COMP-10][file-12.c][function-8][ln:316]
[2019-12-14 23:13:58,773][INFO] any info message - [id:10][instance:2] - [COMP-8][file-5.c][function-12][ln:868]
[2019-12-14 23:13:59,281][INFO] any info message - [id:10][instance:2] - [COMP-13][file-3.c][function-12][ln:468]
[2019-12-14 23:14:00,008][INFO] any info message - [id:10][instance:5] - [COMP-11][file-11.c][function-7][ln:142]
[2019-12-14 23:14:00,273][INFO] any info message - [id:10][instance:3] - [COMP-10][file-2.c][function-12][ln:482]
[2019-12-14 23:14:00,782][INFO] any info message - [id:10][instance:6] - [COMP-6][file-4.c][function-13][ln:613]
[2019-12-14 23:14:01,508][INFO] any info message - [id:10][instance:7] - [COMP-4][file-9.c][function-2][ln:127]
[2019-12-14 23:14:01,774][INFO] any info message - [id:10][instance:5] - [COMP-11][file-10.c][function-13][ln:816]
[2019-12-14 23:14:02,283][INFO] any info message - [id:10][instance:6] - [COMP-5][file-12.c][function-7][ln:377]
[2019-12-14 23:14:03,010][INFO] any info message - [id:10][instance:2] - [COMP-11][file-5.c][function-12][ln:174]
[2019-12-14 23:14:03,273][INFO] any info message - [id:10][instance:7] - [COMP-11][file-13.c][function-11][ln:584]
[2019-12-14 23:14:03,784][INFO] any info message - [id:10][instance:1] - [COMP-7][file-1.c][function-13][ln:754]
[2019-12-14 23:14:04,511][INFO] any info message - [id:10][instance:4] - [COMP-1][file-5.c][function-1][ln:828]
[2019-12-14 23:14:04,775][INFO] any info message - [id:10][instance:4] - [COMP-4][file-13.c][function-11][ln:677]
[2019-12-14 23:14:05,285][INFO] any info message - [id:10][instance:2] - [COMP-2][file-13.c][function-6][ln:748]
[2019-12-14 23:14:06,011][INFO] any info message - [id:10][instance:3] - [COMP-11][file-2.c][function-2][ln:706]
[2019-12-14 23:14:06,275][INFO] any info message - [id:10][instance:4] - [COMP-2][file-7.c][function-1][ln:777]
[2019-12-14 23:14:06,786][INFO] any info message - [id:10][instance:2] - [COMP-6][file-5.c][function-12][ln:244]
[2019-12-14 23:14:07,513][INFO] any info message - [id:10][instance:7] - [COMP-6][file-4.c][function-8][ln:142]
[2019-12-14 23:14:07,776][INFO] any info message - [id:10][instance:3] - [COMP-6][file-10.c][function-13][ln:481]
[2019-12-14 23:14:07,805][WARNING] Here is a warning message - [id:10][instance:3] - [COMP-9][file-8.c][function-6][ln:487]
[2019-12-14 23:14:07,931][DEBUG] any debug message - [id:10][instance:2] - [COMP-10][file-5.c][function-10][ln:72]
[2019-12-14 23:14:08,287][INFO] any info message - [id:10][instance:4] - [COMP-11][file-8.c][function-10][ln:130]
[2019-12-14 23:14:08,634][DEBUG] any debug message - [id:10][instance:5] - [COMP-4][file-8.c][function-1][ln:492]
[2019-12-14 23:14:09,014][INFO] any info message - [id:10][instance:7] - [COMP-7][file-1.c][function-12][ln:146]
[2019-12-14 23:14:09,277][INFO] any info message - [id:10][instance:3] - [COMP-7][file-11.c][function-4][ln:340]
[2019-12-14 23:14:09,787][INFO] any info message - [id:10][instance:2] - [COMP-3][file-5.c][function-6][ln:846]
[2019-12-14 23:14:10,515][INFO] any info message - [id:10][instance:7] - [COMP-9][file-3.c][function-10][ln:693]
[2019-12-14 23:14:10,540][DEBUG] any debug message - [id:10][instance:2] - [COMP-2][file-13.c][function-9][ln:876]
[2019-12-14 23:14:10,777][INFO] any info message - [id:10][instance:6] - [COMP-10][file-2.c][function-11][ln:77]
[2019-12-14 23:14:11,287][INFO] any info message - [id:10][instance:6] - [COMP-5][file-6.c][function-7][ln:189]
[2019-12-14 23:14:12,016][INFO] any info message - [id:10][instance:1] - [COMP-1][file-6.c][function-1][ln:930]
[2019-12-14 23:14:12,279][INFO] any info message - [id:10][instance:5] - [COMP-6][file-8.c][function-7][ln:997]
[2019-12-14 23:14:12,787][INFO] any info message - [id:10][instance:2] - [COMP-8][file-5.c][function-5][ln:975]
[2019-12-14 23:14:13,517][INFO] any info message - [id:10][instance:2] - [COMP-4][file-1.c][function-13][ln:365]
[2019-12-14 23:14:13,781][INFO] any info message - [id:10][instance:4] - [COMP-10][file-2.c][function-2][ln:800]
[2019-12-14 23:14:14,288][INFO] any info message - [id:10][instance:3] - [COMP-6][file-5.c][function-10][ln:433]
[2019-12-14 23:14:15,018][INFO] any info message - [id:10][instance:4] - [COMP-5][file-4.c][function-9][ln:648]
[2019-12-14 23:14:15,280][INFO] any info message - [id:10][instance:4] - [COMP-9][file-5.c][function-7][ln:741]
[2019-12-14 23:14:15,788][INFO] any info message - [id:10][instance:5] - [COMP-11][file-12.c][function-9][ln:48]
[2019-12-14 23:14:16,519][INFO] any info message - [id:10][instance:3] - [COMP-7][file-1.c][function-3][ln:232]
[2019-12-14 23:14:16,781][INFO] any info message - [id:10][instance:1] - [COMP-13][file-2.c][function-3][ln:21]
[2019-12-14 23:14:17,289][INFO] any info message - [id:10][instance:1] - [COMP-4][file-7.c][function-5][ln:988]
[2019-12-14 23:14:18,019][INFO] any info message - [id:10][instance:3] - [COMP-2][file-10.c][function-6][ln:672]
[2019-12-14 23:14:18,282][INFO] any info message - [id:10][instance:7] - [COMP-5][file-11.c][function-5][ln:942]
[2019-12-14 23:14:18,790][INFO] any info message - [id:10][instance:7] - [COMP-7][file-3.c][function-9][ln:499]
[2019-12-14 23:14:19,520][INFO] any info message - [id:10][instance:5] - [COMP-6][file-11.c][function-5][ln:927]
[2019-12-14 23:14:19,782][INFO] any info message - [id:10][instance:6] - [COMP-4][file-2.c][function-5][ln:159]
[2019-12-14 23:14:20,291][INFO] any info message - [id:10][instance:4] - [COMP-12][file-12.c][function-9][ln:636]
[2019-12-14 23:14:21,020][INFO] any info message - [id:10][instance:3] - [COMP-11][file-11.c][function-13][ln:317]
[2019-12-14 23:14:21,282][INFO] any info message - [id:10][instance:7] - [COMP-8][file-7.c][function-12][ln:430]
[2019-12-14 23:14:21,792][INFO] any info message - [id:10][instance:4] - [COMP-5][file-12.c][function-1][ln:375]
[2019-12-14 23:14:22,521][INFO] any info message - [id:10][instance:2] - [COMP-1][file-11.c][function-9][ln:238]
[2019-12-14 23:14:22,782][INFO] any info message - [id:10][instance:7] - [COMP-5][file-9.c][function-2][ln:16]
[2019-12-14 23:14:22,930][DEBUG] any debug message - [id:10][instance:4] - [COMP-8][file-8.c][function-7][ln:224]
[2019-12-14 23:14:23,294][INFO] any info message - [id:10][instance:2] - [COMP-7][file-8.c][function-12][ln:471]
[2019-12-14 23:14:23,492][ERROR] It is an error message - [id:10][instance:3] - [COMP-12][file-2.c][function-13][ln:63]
[2019-12-14 23:14:23,517][WARNING] Here is a warning message - [id:10][instance:6] - [COMP-1][file-1.c][function-4][ln:566]
[2019-12-14 23:14:23,635][DEBUG] any debug message - [id:10][instance:7] - [COMP-5][file-5.c][function-6][ln:37]
[2019-12-14 23:14:24,022][INFO] any info message - [id:10][instance:5] - [COMP-5][file-6.c][function-10][ln:383]
[2019-12-14 23:14:24,283][INFO] any info message - [id:10][instance:3] - [COMP-13][file-6.c][function-12][ln:229]
[2019-12-14 23:14:24,793][INFO] any info message - [id:10][instance:5] - [COMP-1][file-1.c][function-3][ln:325]
[2019-12-14 23:14:24,950][CRITICAL] ATTENTION: This is a critical issue! - [id:10][instance:4] - [COMP-12][file-7.c][function-2][ln:291]
[2019-12-14 23:14:24,972][ERROR] It is an error message - [id:10][instance:6] - [COMP-1][file-10.c][function-2][ln:661]
[2019-12-14 23:14:25,432][WARNING] Here is a warning message - [id:10][instance:2] - [COMP-1][file-6.c][function-9][ln:351]
[2019-12-14 23:14:25,522][INFO] any info message - [id:10][instance:2] - [COMP-8][file-1.c][function-3][ln:819]
[2019-12-14 23:14:25,541][DEBUG] any debug message - [id:10][instance:2] - [COMP-10][file-5.c][function-6][ln:43]
[2019-12-14 23:14:25,784][INFO] any info message - [id:10][instance:4] - [COMP-11][file-13.c][function-12][ln:109]
[2019-12-14 23:14:26,293][INFO] any info message - [id:10][instance:2] - [COMP-6][file-13.c][function-6][ln:855]
[2019-12-14 23:14:27,022][INFO] any info message - [id:10][instance:4] - [COMP-10][file-4.c][function-11][ln:38]
[2019-12-14 23:14:27,284][INFO] any info message - [id:10][instance:4] - [COMP-1][file-5.c][function-7][ln:533]
[2019-12-14 23:14:27,794][INFO] any info message - [id:10][instance:5] - [COMP-9][file-2.c][function-12][ln:391]
[2019-12-14 23:14:28,523][INFO] any info message - [id:10][instance:4] - [COMP-12][file-6.c][function-11][ln:915]
[2019-12-14 23:14:28,786][INFO] any info message - [id:10][instance:4] - [COMP-7][file-10.c][function-7][ln:681]
[2019-12-14 23:14:29,294][INFO] any info message - [id:10][instance:4] - [COMP-4][file-1.c][function-4][ln:351]
[2019-12-14 23:14:30,023][INFO] any info message - [id:10][instance:1] - [COMP-9][file-3.c][function-1][ln:595]
[2019-12-14 23:14:30,287][INFO] any info message - [id:10][instance:7] - [COMP-2][file-2.c][function-9][ln:807]
[2019-12-14 23:14:30,795][INFO] any info message - [id:10][instance:7] - [COMP-11][file-1.c][function-9][ln:709]
[2019-12-14 23:14:31,524][INFO] any info message - [id:10][instance:4] - [COMP-9][file-10.c][function-10][ln:722]
[2019-12-14 23:14:31,786][INFO] any info message - [id:10][instance:7] - [COMP-13][file-8.c][function-13][ln:14]
[2019-12-14 23:14:32,295][INFO] any info message - [id:10][instance:7] - [COMP-6][file-8.c][function-13][ln:887]
[2019-12-14 23:14:33,024][INFO] any info message - [id:10][instance:4] - [COMP-9][file-5.c][function-6][ln:183]
[2019-12-14 23:14:33,286][INFO] any info message - [id:10][instance:1] - [COMP-6][file-6.c][function-3][ln:53]
[2019-12-14 23:14:33,796][INFO] any info message - [id:10][instance:5] - [COMP-7][file-12.c][function-4][ln:275]
[2019-12-14 23:14:34,525][INFO] any info message - [id:10][instance:6] - [COMP-4][file-7.c][function-7][ln:762]
[2019-12-14 23:14:34,786][INFO] any info message - [id:10][instance:7] - [COMP-11][file-2.c][function-7][ln:116]
[2019-12-14 23:14:35,296][INFO] any info message - [id:10][instance:2] - [COMP-4][file-11.c][function-1][ln:276]
[2019-12-14 23:14:36,025][INFO] any info message - [id:10][instance:3] - [COMP-6][file-3.c][function-5][ln:522]
[2019-12-14 23:14:36,286][INFO] any info message - [id:10][instance:3] - [COMP-1][file-10.c][function-12][ln:552]
[2019-12-14 23:14:36,796][INFO] any info message - [id:10][instance:5] - [COMP-3][file-9.c][function-2][ln:556]
[2019-12-14 23:14:37,526][INFO] any info message - [id:10][instance:6] - [COMP-2][file-13.c][function-7][ln:774]
[2019-12-14 23:14:37,726][CRITICAL] ATTENTION: This is a critical issue! - [id:10][instance:4] - [COMP-11][file-10.c][function-11][ln:494]
[2019-12-14 23:14:37,758][ERROR] It is an error message - [id:10][instance:7] - [COMP-13][file-1.c][function-10][ln:864]
[2019-12-14 23:14:37,787][INFO] any info message - [id:10][instance:4] - [COMP-4][file-3.c][function-9][ln:287]
[2019-12-14 23:14:37,805][WARNING] Here is a warning message - [id:10][instance:4] - [COMP-11][file-4.c][function-2][ln:968]
[2019-12-14 23:14:37,930][DEBUG] any debug message - [id:10][instance:5] - [COMP-7][file-2.c][function-10][ln:276]
[2019-12-14 23:14:38,296][INFO] any info message - [id:10][instance:4] - [COMP-12][file-7.c][function-12][ln:335]
[2019-12-14 23:14:38,635][DEBUG] any debug message - [id:10][instance:2] - [COMP-10][file-8.c][function-7][ln:763]
[2019-12-14 23:14:39,027][INFO] any info message - [id:10][instance:2] - [COMP-2][file-5.c][function-6][ln:219]
[2019-12-14 23:14:39,287][INFO] any info message - [id:10][instance:7] - [COMP-8][file-3.c][function-8][ln:457]
[2019-12-14 23:14:39,797][INFO] any info message - [id:10][instance:6] - [COMP-12][file-7.c][function-5][ln:649]
[2019-12-14 23:14:40,527][INFO] any info message - [id:10][instance:5] - [COMP-2][file-3.c][function-1][ln:934]
[2019-12-14 23:14:40,542][DEBUG] any debug message - [id:10][instance:3] - [COMP-9][file-10.c][function-10][ln:662]
[2019-12-14 23:14:40,787][INFO] any info message - [id:10][instance:2] - [COMP-11][file-7.c][function-13][ln:294]
[2019-12-14 23:14:41,297][INFO] any info message - [id:10][instance:3] - [COMP-6][file-5.c][function-7][ln:807]
[2019-12-14 23:14:42,028][INFO] any info message - [id:10][instance:3] - [COMP-3][file-7.c][function-12][ln:360]
[2019-12-14 23:14:42,289][INFO] any info message - [id:10][instance:7] - [COMP-11][file-5.c][function-1][ln:664]
[2019-12-14 23:14:42,798][INFO] any info message - [id:10][instance:3] - [COMP-10][file-1.c][function-9][ln:614]
[2019-12-14 23:14:43,529][INFO] any info message - [id:10][instance:7] - [COMP-1][file-2.c][function-13][ln:302]
[2019-12-14 23:14:43,789][INFO] any info message - [id:10][instance:7] - [COMP-12][file-8.c][function-7][ln:69]
[2019-12-14 23:14:44,299][INFO] any info message - [id:10][instance:4] - [COMP-4][file-3.c][function-6][ln:262]
[2019-12-14 23:14:45,029][INFO] any info message - [id:10][instance:5] - [COMP-1][file-12.c][function-8][ln:609]
[2019-12-14 23:14:45,290][INFO] any info message - [id:10][instance:1] - [COMP-12][file-5.c][function-10][ln:559]
[2019-12-14 23:14:45,799][INFO] any info message - [id:10][instance:2] - [COMP-4][file-4.c][function-12][ln:526]
[2019-12-14 23:14:46,530][INFO] any info message - [id:10][instance:7] - [COMP-7][file-5.c][function-8][ln:261]
[2019-12-14 23:14:47,300][INFO] any info message - [id:10][instance:4] - [COMP-1][file-3.c][function-13][ln:198]
[2019-12-14 23:14:46,790][INFO] any info message - [id:10][instance:5] - [COMP-2][file-11.c][function-3][ln:384]
[2019-12-14 23:14:48,032][INFO] any info message - [id:10][instance:7] - [COMP-4][file-2.c][function-7][ln:859]
[2019-12-14 23:14:48,291][INFO] any info message - [id:10][instance:1] - [COMP-10][file-6.c][function-7][ln:89]
[2019-12-14 23:14:48,800][INFO] any info message - [id:10][instance:1] - [COMP-8][file-8.c][function-8][ln:21]
[2019-12-14 23:14:49,531][INFO] any info message - [id:10][instance:4] - [COMP-10][file-11.c][function-4][ln:613]
[2019-12-14 23:14:49,792][INFO] any info message - [id:10][instance:6] - [COMP-2][file-7.c][function-2][ln:615]
[2019-12-14 23:14:50,302][INFO] any info message - [id:10][instance:1] - [COMP-8][file-3.c][function-1][ln:446]
[2019-12-14 23:14:51,033][INFO] any info message - [id:10][instance:1] - [COMP-1][file-8.c][function-13][ln:429]
[2019-12-14 23:14:51,292][INFO] any info message - [id:10][instance:1] - [COMP-3][file-9.c][function-12][ln:860]
[2019-12-14 23:14:51,803][INFO] any info message - [id:10][instance:2] - [COMP-9][file-5.c][function-2][ln:49]
[2019-12-14 23:14:52,533][INFO] any info message - [id:10][instance:7] - [COMP-13][file-4.c][function-2][ln:371]
[2019-12-14 23:14:53,303][INFO] any info message - [id:10][instance:7] - [COMP-11][file-2.c][function-12][ln:834]
